<?xml version="1.0" encoding="UTF-8"?>
<!-- Generated by org.testng.reporters.JUnitXMLReporter -->
<testsuite hostname="DESKTOP-5MN2USB" ignored="0" tests="4" failures="0" timestamp="2022-04-07T09:23:19 KRAT" time="0.067" errors="0">
  <testcase name="firstName" time="0.039" classname="FactoryTestNG$FirstNameTest"/>
  <testcase name="firstName" time="0.039" classname="FactoryTestNG$FirstNameTest"/>
  <testcase name="firstName" time="0.039" classname="FactoryTestNG$FirstNameTest"/>
  <testcase name="firstName" time="0.039" classname="FactoryTestNG$FirstNameTest"/>
</testsuite>
