<?xml version="1.0" encoding="UTF-8"?>
<!-- Generated by org.testng.reporters.JUnitXMLReporter -->
<testsuite hostname="DESKTOP-5MN2USB" ignored="0" tests="15" failures="0" timestamp="2022-04-08T20:48:49 KRAT" time="0.077" errors="0">
  <testcase name="testAge1" time="0.011" classname="FactoryTestNG"/>
  <testcase name="testFirstName1" time="0.001" classname="FactoryTestNG"/>
  <testcase name="testSecondName1" time="0.001" classname="FactoryTestNG"/>
  <testcase name="age" time="0.014" classname="FactoryTestNG$FirstNameTest"/>
  <testcase name="age" time="0.014" classname="FactoryTestNG$FirstNameTest"/>
  <testcase name="age" time="0.014" classname="FactoryTestNG$FirstNameTest"/>
  <testcase name="age" time="0.014" classname="FactoryTestNG$FirstNameTest"/>
  <testcase name="firstName" time="0.0" classname="FactoryTestNG$FirstNameTest"/>
  <testcase name="firstName" time="0.001" classname="FactoryTestNG$FirstNameTest"/>
  <testcase name="firstName" time="0.001" classname="FactoryTestNG$FirstNameTest"/>
  <testcase name="firstName" time="0.001" classname="FactoryTestNG$FirstNameTest"/>
  <testcase name="secondName" time="0.0" classname="FactoryTestNG$FirstNameTest"/>
  <testcase name="secondName" time="0.001" classname="FactoryTestNG$FirstNameTest"/>
  <testcase name="secondName" time="0.001" classname="FactoryTestNG$FirstNameTest"/>
  <testcase name="secondName" time="0.002" classname="FactoryTestNG$FirstNameTest"/>
</testsuite>
