<?xml version="1.0" encoding="UTF-8"?>
<!-- Generated by org.testng.reporters.JUnitXMLReporter -->
<testsuite hostname="DESKTOP-5MN2USB" ignored="0" tests="10" failures="2" timestamp="2022-04-08T19:57:14 KRAT" time="0.048" errors="0">
  <testcase name="@AfterClass teamDown" time="0.0" classname="ParamTestNG">
    <failure type="java.lang.NullPointerException">
      <![CDATA[java.lang.NullPointerException
at ParamTestNG.teamDown(ParamTestNG.java:21)
at java.util.ArrayList.forEach(ArrayList.java:1257)
... Removed 25 stack frames]]>
    </failure>
  </testcase> <!-- @AfterClass teamDown -->
  <testcase name="params" time="0.004" classname="ParamTestNG">
    <failure type="java.lang.AssertionError" message="expected [null] but found [Andrew]">
      <![CDATA[java.lang.AssertionError: expected [null] but found [Andrew]
at ParamTestNG.params(ParamTestNG.java:77)
at java.util.ArrayList.forEach(ArrayList.java:1257)
... Removed 33 stack frames]]>
    </failure>
  </testcase> <!-- params -->
  <testcase name="testAge1" time="0.002" classname="ParamTestNG"/>
  <testcase name="testAge2" time="0.001" classname="ParamTestNG"/>
  <testcase name="testEmptyCollection" time="0.0" classname="ParamTestNG"/>
  <testcase name="testNames" time="0.001" classname="ParamTestNG"/>
  <testcase name="testNames" time="0.001" classname="ParamTestNG"/>
  <testcase name="testNames" time="0.001" classname="ParamTestNG"/>
  <testcase name="testNullPointerCollection" time="0.0" classname="ParamTestNG"/>
  <testcase name="testStudentsDataCollection" time="0.001" classname="ParamTestNG">
    <failure type="java.lang.NullPointerException">
      <![CDATA[java.lang.NullPointerException
at ParamTestNG.testStudentsDataCollection(ParamTestNG.java:51)
at java.util.ArrayList.forEach(ArrayList.java:1257)
... Removed 27 stack frames]]>
    </failure>
  </testcase> <!-- testStudentsDataCollection -->
  <testcase name="testIsNotEmptyCollection" time="0.0" classname="ParamTestNG">
    <skipped/>
  </testcase> <!-- testIsNotEmptyCollection -->
</testsuite>
