<?xml version="1.0" encoding="UTF-8"?>
<testng-results skipped="0" failed="0" ignored="0" total="15" passed="15">
  <reporter-output>
  </reporter-output>
  <suite name="Suite" duration-ms="85" started-at="2022-04-08T20:56:26 KRAT" finished-at="2022-04-08T20:56:26 KRAT">
    <groups>
      <group name="SimpleTestAge">
        <method signature="FactoryTestNG.testAge1()[pri:0, instance:FactoryTestNG@57f9b467]" name="testAge1" class="FactoryTestNG"/>
      </group> <!-- SimpleTestAge -->
      <group name="SimpleTestFirstName">
        <method signature="FactoryTestNG.testFirstName1()[pri:0, instance:FactoryTestNG@57f9b467]" name="testFirstName1" class="FactoryTestNG"/>
      </group> <!-- SimpleTestFirstName -->
      <group name="SimpleTestSecondName">
        <method signature="FactoryTestNG.testSecondName1()[pri:0, instance:FactoryTestNG@57f9b467]" name="testSecondName1" class="FactoryTestNG"/>
      </group> <!-- SimpleTestSecondName -->
    </groups>
    <test name="Test" duration-ms="85" started-at="2022-04-08T20:56:26 KRAT" finished-at="2022-04-08T20:56:26 KRAT">
      <class name="FactoryTestNG$FirstNameTest">
        <test-method status="PASS" signature="age(int,Student)[pri:0, instance:FactoryTestNG$FirstNameTest@71e4b308, instance params:[]]" name="age" duration-ms="14" started-at="2022-04-08T20:56:26 KRAT" data-provider="ageProvider" finished-at="2022-04-08T20:56:26 KRAT">
          <params>
            <param index="0">
              <value>
                <![CDATA[28]]>
              </value>
            </param>
            <param index="1">
              <value>
                <![CDATA[Student@764271c8]]>
              </value>
            </param>
          </params>
          <reporter-output>
          </reporter-output>
        </test-method> <!-- age -->
        <test-method status="PASS" signature="age(int,Student)[pri:0, instance:FactoryTestNG$FirstNameTest@71e4b308, instance params:[]]" name="age" duration-ms="14" started-at="2022-04-08T20:56:26 KRAT" data-provider="ageProvider" finished-at="2022-04-08T20:56:26 KRAT">
          <params>
            <param index="0">
              <value>
                <![CDATA[26]]>
              </value>
            </param>
            <param index="1">
              <value>
                <![CDATA[Student@448e0e85]]>
              </value>
            </param>
          </params>
          <reporter-output>
          </reporter-output>
        </test-method> <!-- age -->
        <test-method status="PASS" signature="age(int,Student)[pri:0, instance:FactoryTestNG$FirstNameTest@71e4b308, instance params:[]]" name="age" duration-ms="14" started-at="2022-04-08T20:56:26 KRAT" data-provider="ageProvider" finished-at="2022-04-08T20:56:26 KRAT">
          <params>
            <param index="0">
              <value>
                <![CDATA[24]]>
              </value>
            </param>
            <param index="1">
              <value>
                <![CDATA[Student@501aadc]]>
              </value>
            </param>
          </params>
          <reporter-output>
          </reporter-output>
        </test-method> <!-- age -->
        <test-method status="PASS" signature="age(int,Student)[pri:0, instance:FactoryTestNG$FirstNameTest@71e4b308, instance params:[]]" name="age" duration-ms="14" started-at="2022-04-08T20:56:26 KRAT" data-provider="ageProvider" finished-at="2022-04-08T20:56:26 KRAT">
          <params>
            <param index="0">
              <value>
                <![CDATA[23]]>
              </value>
            </param>
            <param index="1">
              <value>
                <![CDATA[Student@16e7cbcf]]>
              </value>
            </param>
          </params>
          <reporter-output>
          </reporter-output>
        </test-method> <!-- age -->
        <test-method status="PASS" signature="firstName(java.lang.String,Student)[pri:0, instance:FactoryTestNG$FirstNameTest@71e4b308, instance params:[]]" name="firstName" duration-ms="1" started-at="2022-04-08T20:56:26 KRAT" data-provider="firstNamesProvider" finished-at="2022-04-08T20:56:26 KRAT">
          <params>
            <param index="0">
              <value>
                <![CDATA[Elena]]>
              </value>
            </param>
            <param index="1">
              <value>
                <![CDATA[Student@2869e989]]>
              </value>
            </param>
          </params>
          <reporter-output>
          </reporter-output>
        </test-method> <!-- firstName -->
        <test-method status="PASS" signature="firstName(java.lang.String,Student)[pri:0, instance:FactoryTestNG$FirstNameTest@71e4b308, instance params:[]]" name="firstName" duration-ms="2" started-at="2022-04-08T20:56:26 KRAT" data-provider="firstNamesProvider" finished-at="2022-04-08T20:56:26 KRAT">
          <params>
            <param index="0">
              <value>
                <![CDATA[Alina]]>
              </value>
            </param>
            <param index="1">
              <value>
                <![CDATA[Student@5e77028d]]>
              </value>
            </param>
          </params>
          <reporter-output>
          </reporter-output>
        </test-method> <!-- firstName -->
        <test-method status="PASS" signature="firstName(java.lang.String,Student)[pri:0, instance:FactoryTestNG$FirstNameTest@71e4b308, instance params:[]]" name="firstName" duration-ms="2" started-at="2022-04-08T20:56:26 KRAT" data-provider="firstNamesProvider" finished-at="2022-04-08T20:56:26 KRAT">
          <params>
            <param index="0">
              <value>
                <![CDATA[Petr]]>
              </value>
            </param>
            <param index="1">
              <value>
                <![CDATA[Student@3c3a63c2]]>
              </value>
            </param>
          </params>
          <reporter-output>
          </reporter-output>
        </test-method> <!-- firstName -->
        <test-method status="PASS" signature="firstName(java.lang.String,Student)[pri:0, instance:FactoryTestNG$FirstNameTest@71e4b308, instance params:[]]" name="firstName" duration-ms="1" started-at="2022-04-08T20:56:26 KRAT" data-provider="firstNamesProvider" finished-at="2022-04-08T20:56:26 KRAT">
          <params>
            <param index="0">
              <value>
                <![CDATA[Igor]]>
              </value>
            </param>
            <param index="1">
              <value>
                <![CDATA[Student@62d8ee1a]]>
              </value>
            </param>
          </params>
          <reporter-output>
          </reporter-output>
        </test-method> <!-- firstName -->
        <test-method status="PASS" signature="secondName(java.lang.String,Student)[pri:0, instance:FactoryTestNG$FirstNameTest@71e4b308, instance params:[]]" name="secondName" duration-ms="2" started-at="2022-04-08T20:56:26 KRAT" data-provider="secondNamesProvider" finished-at="2022-04-08T20:56:26 KRAT">
          <params>
            <param index="0">
              <value>
                <![CDATA[Nikitin]]>
              </value>
            </param>
            <param index="1">
              <value>
                <![CDATA[Student@580f3bed]]>
              </value>
            </param>
          </params>
          <reporter-output>
          </reporter-output>
        </test-method> <!-- secondName -->
        <test-method status="PASS" signature="secondName(java.lang.String,Student)[pri:0, instance:FactoryTestNG$FirstNameTest@71e4b308, instance params:[]]" name="secondName" duration-ms="1" started-at="2022-04-08T20:56:26 KRAT" data-provider="secondNamesProvider" finished-at="2022-04-08T20:56:26 KRAT">
          <params>
            <param index="0">
              <value>
                <![CDATA[Ivanova]]>
              </value>
            </param>
            <param index="1">
              <value>
                <![CDATA[Student@4b32d534]]>
              </value>
            </param>
          </params>
          <reporter-output>
          </reporter-output>
        </test-method> <!-- secondName -->
        <test-method status="PASS" signature="secondName(java.lang.String,Student)[pri:0, instance:FactoryTestNG$FirstNameTest@71e4b308, instance params:[]]" name="secondName" duration-ms="1" started-at="2022-04-08T20:56:26 KRAT" data-provider="secondNamesProvider" finished-at="2022-04-08T20:56:26 KRAT">
          <params>
            <param index="0">
              <value>
                <![CDATA[Smakotin]]>
              </value>
            </param>
            <param index="1">
              <value>
                <![CDATA[Student@31976695]]>
              </value>
            </param>
          </params>
          <reporter-output>
          </reporter-output>
        </test-method> <!-- secondName -->
        <test-method status="PASS" signature="secondName(java.lang.String,Student)[pri:0, instance:FactoryTestNG$FirstNameTest@71e4b308, instance params:[]]" name="secondName" duration-ms="1" started-at="2022-04-08T20:56:26 KRAT" data-provider="secondNamesProvider" finished-at="2022-04-08T20:56:26 KRAT">
          <params>
            <param index="0">
              <value>
                <![CDATA[Markova]]>
              </value>
            </param>
            <param index="1">
              <value>
                <![CDATA[Student@4e717c7]]>
              </value>
            </param>
          </params>
          <reporter-output>
          </reporter-output>
        </test-method> <!-- secondName -->
      </class> <!-- FactoryTestNG$FirstNameTest -->
      <class name="FactoryTestNG">
        <test-method status="PASS" signature="testAge1()[pri:0, instance:FactoryTestNG@57f9b467]" name="testAge1" duration-ms="11" started-at="2022-04-08T20:56:26 KRAT" finished-at="2022-04-08T20:56:26 KRAT">
          <reporter-output>
          </reporter-output>
        </test-method> <!-- testAge1 -->
        <test-method status="PASS" signature="testFirstName1()[pri:0, instance:FactoryTestNG@57f9b467]" name="testFirstName1" duration-ms="1" started-at="2022-04-08T20:56:26 KRAT" finished-at="2022-04-08T20:56:26 KRAT">
          <reporter-output>
          </reporter-output>
        </test-method> <!-- testFirstName1 -->
        <test-method status="PASS" signature="testSecondName1()[pri:0, instance:FactoryTestNG@57f9b467]" name="testSecondName1" duration-ms="1" started-at="2022-04-08T20:56:26 KRAT" finished-at="2022-04-08T20:56:26 KRAT">
          <reporter-output>
          </reporter-output>
        </test-method> <!-- testSecondName1 -->
      </class> <!-- FactoryTestNG -->
    </test> <!-- Test -->
  </suite> <!-- Suite -->
</testng-results>
